[0m14:47:25.453979 [debug] [MainThread]: Sending event: {'category': 'dbt', 'action': 'invocation', 'label': 'start', 'context': [<snowplow_tracker.self_describing_json.SelfDescribingJson object at 0x7ff712e22c90>, <snowplow_tracker.self_describing_json.SelfDescribingJson object at 0x7ff7111fda10>, <snowplow_tracker.self_describing_json.SelfDescribingJson object at 0x7ff7114d62d0>]}


============================== 14:47:25.469388 | 8ddbe359-2732-44de-9b0e-67214cc2bb2d ==============================
[0m14:47:25.469388 [info ] [MainThread]: Running with dbt=1.8.3
[0m14:47:25.470242 [debug] [MainThread]: running dbt with arguments {'printer_width': '80', 'indirect_selection': 'eager', 'log_cache_events': 'False', 'write_json': 'True', 'partial_parse': 'True', 'cache_selected_only': 'False', 'warn_error': 'None', 'version_check': 'True', 'profiles_dir': '../', 'log_path': 'logs', 'debug': 'False', 'fail_fast': 'False', 'use_colors': 'True', 'use_experimental_parser': 'False', 'empty': 'None', 'quiet': 'False', 'no_print': 'None', 'warn_error_options': 'WarnErrorOptions(include=[], exclude=[])', 'introspect': 'True', 'log_format': 'default', 'invocation_command': 'dbt init', 'target_path': 'None', 'static_parser': 'True', 'send_anonymous_usage_stats': 'True'}
[0m14:48:04.402796 [debug] [MainThread]: Starter project path: /home/synev1/dev/data-warehouse/.venv/lib/python3.11/site-packages/dbt/include/starter_project
[0m14:48:04.408043 [info ] [MainThread]: 
Your new dbt project "datawarehouse" was created!

For more information on how to configure the profiles.yml file,
please consult the dbt documentation here:

  https://docs.getdbt.com/docs/configure-your-profile

One more thing:

Need help? Don't hesitate to reach out to us via GitHub issues or on Slack:

  https://community.getdbt.com/

Happy modeling!

[0m14:48:04.408695 [info ] [MainThread]: Setting up your profile.
[0m14:50:06.535893 [info ] [MainThread]: Profile datawarehouse written to ../profiles.yml using target's profile_template.yml and your supplied values. Run 'dbt debug' to validate the connection.
[0m14:50:06.536773 [debug] [MainThread]: Resource report: {"command_name": "init", "command_success": true, "command_wall_clock_time": 161.12274, "process_user_time": 2.74865, "process_kernel_time": 0.170797, "process_mem_max_rss": "118956", "process_in_blocks": "1152", "process_out_blocks": "37240"}
[0m14:50:06.537251 [debug] [MainThread]: Command `dbt init` succeeded at 14:50:06.537171 after 161.12 seconds
[0m14:50:06.537566 [debug] [MainThread]: Sending event: {'category': 'dbt', 'action': 'invocation', 'label': 'end', 'context': [<snowplow_tracker.self_describing_json.SelfDescribingJson object at 0x7ff7111bc5d0>, <snowplow_tracker.self_describing_json.SelfDescribingJson object at 0x7ff71121bf90>, <snowplow_tracker.self_describing_json.SelfDescribingJson object at 0x7ff7204b59d0>]}
[0m14:50:06.537891 [debug] [MainThread]: Flushing usage events
